<?xml version="1.0" encoding="UTF-8"?>
<!-- Generated by org.testng.reporters.JUnitReportReporter -->
<testsuite hostname="DESKTOP-HP9JDOL" failures="0" tests="2" name="Maven.sundarmaven.submitOrder" time="13.671" errors="0" timestamp="2023-03-04T18:49:05 IST" skipped="0">
  <testcase classname="Maven.sundarmaven.submitOrder" name="submitOrder" time="6.928"/>
  <system-out/>
  <testcase classname="Maven.sundarmaven.submitOrder" name="submitOrder" time="6.743"/>
  <system-out/>
</testsuite> <!-- Maven.sundarmaven.submitOrder -->
