<?xml version="1.0" encoding="UTF-8"?>
<!-- Generated by org.testng.reporters.JUnitReportReporter -->
<testsuite hostname="DESKTOP-HP9JDOL" failures="0" tests="1" name="cucumber.TestNGTestRunner" time="9.003" errors="0" timestamp="2023-03-11T15:01:06 IST" skipped="0">
  <testcase classname="cucumber.TestNGTestRunner" name="runScenario" time="9.003"/>
  <system-out/>
</testsuite> <!-- cucumber.TestNGTestRunner -->
